ARM GAS  C:\Users\andre\AppData\Local\Temp\ccHwkZhg.s 			page 1


   1              		.cpu cortex-m4
   2              		.arch armv7e-m
   3              		.fpu fpv4-sp-d16
   4              		.eabi_attribute 27, 1
   5              		.eabi_attribute 28, 1
   6              		.eabi_attribute 20, 1
   7              		.eabi_attribute 21, 1
   8              		.eabi_attribute 23, 3
   9              		.eabi_attribute 24, 1
  10              		.eabi_attribute 25, 1
  11              		.eabi_attribute 26, 1
  12              		.eabi_attribute 30, 1
  13              		.eabi_attribute 34, 1
  14              		.eabi_attribute 18, 4
  15              		.file	"stm32f4xx_hal_msp.c"
  16              		.text
  17              	.Ltext0:
  18              		.cfi_sections	.debug_frame
  19              		.file 1 "Core/Src/stm32f4xx_hal_msp.c"
  20              		.section	.text.HAL_MspInit,"ax",%progbits
  21              		.align	1
  22              		.global	HAL_MspInit
  23              		.syntax unified
  24              		.thumb
  25              		.thumb_func
  27              	HAL_MspInit:
  28              	.LFB134:
   1:Core/Src/stm32f4xx_hal_msp.c **** /* USER CODE BEGIN Header */
   2:Core/Src/stm32f4xx_hal_msp.c **** /**
   3:Core/Src/stm32f4xx_hal_msp.c ****   ******************************************************************************
   4:Core/Src/stm32f4xx_hal_msp.c ****   * @file         stm32f4xx_hal_msp.c
   5:Core/Src/stm32f4xx_hal_msp.c ****   * @brief        This file provides code for the MSP Initialization
   6:Core/Src/stm32f4xx_hal_msp.c ****   *               and de-Initialization codes.
   7:Core/Src/stm32f4xx_hal_msp.c ****   ******************************************************************************
   8:Core/Src/stm32f4xx_hal_msp.c ****   * @attention
   9:Core/Src/stm32f4xx_hal_msp.c ****   *
  10:Core/Src/stm32f4xx_hal_msp.c ****   * Copyright (c) 2026 STMicroelectronics.
  11:Core/Src/stm32f4xx_hal_msp.c ****   * All rights reserved.
  12:Core/Src/stm32f4xx_hal_msp.c ****   *
  13:Core/Src/stm32f4xx_hal_msp.c ****   * This software is licensed under terms that can be found in the LICENSE file
  14:Core/Src/stm32f4xx_hal_msp.c ****   * in the root directory of this software component.
  15:Core/Src/stm32f4xx_hal_msp.c ****   * If no LICENSE file comes with this software, it is provided AS-IS.
  16:Core/Src/stm32f4xx_hal_msp.c ****   *
  17:Core/Src/stm32f4xx_hal_msp.c ****   ******************************************************************************
  18:Core/Src/stm32f4xx_hal_msp.c ****   */
  19:Core/Src/stm32f4xx_hal_msp.c **** /* USER CODE END Header */
  20:Core/Src/stm32f4xx_hal_msp.c **** 
  21:Core/Src/stm32f4xx_hal_msp.c **** /* Includes ------------------------------------------------------------------*/
  22:Core/Src/stm32f4xx_hal_msp.c **** #include "main.h"
  23:Core/Src/stm32f4xx_hal_msp.c **** /* USER CODE BEGIN Includes */
  24:Core/Src/stm32f4xx_hal_msp.c **** 
  25:Core/Src/stm32f4xx_hal_msp.c **** /* USER CODE END Includes */
  26:Core/Src/stm32f4xx_hal_msp.c **** 
  27:Core/Src/stm32f4xx_hal_msp.c **** /* Private typedef -----------------------------------------------------------*/
  28:Core/Src/stm32f4xx_hal_msp.c **** /* USER CODE BEGIN TD */
  29:Core/Src/stm32f4xx_hal_msp.c **** 
  30:Core/Src/stm32f4xx_hal_msp.c **** /* USER CODE END TD */
ARM GAS  C:\Users\andre\AppData\Local\Temp\ccHwkZhg.s 			page 2


  31:Core/Src/stm32f4xx_hal_msp.c **** 
  32:Core/Src/stm32f4xx_hal_msp.c **** /* Private define ------------------------------------------------------------*/
  33:Core/Src/stm32f4xx_hal_msp.c **** /* USER CODE BEGIN Define */
  34:Core/Src/stm32f4xx_hal_msp.c **** 
  35:Core/Src/stm32f4xx_hal_msp.c **** /* USER CODE END Define */
  36:Core/Src/stm32f4xx_hal_msp.c **** 
  37:Core/Src/stm32f4xx_hal_msp.c **** /* Private macro -------------------------------------------------------------*/
  38:Core/Src/stm32f4xx_hal_msp.c **** /* USER CODE BEGIN Macro */
  39:Core/Src/stm32f4xx_hal_msp.c **** 
  40:Core/Src/stm32f4xx_hal_msp.c **** /* USER CODE END Macro */
  41:Core/Src/stm32f4xx_hal_msp.c **** 
  42:Core/Src/stm32f4xx_hal_msp.c **** /* Private variables ---------------------------------------------------------*/
  43:Core/Src/stm32f4xx_hal_msp.c **** /* USER CODE BEGIN PV */
  44:Core/Src/stm32f4xx_hal_msp.c **** 
  45:Core/Src/stm32f4xx_hal_msp.c **** /* USER CODE END PV */
  46:Core/Src/stm32f4xx_hal_msp.c **** 
  47:Core/Src/stm32f4xx_hal_msp.c **** /* Private function prototypes -----------------------------------------------*/
  48:Core/Src/stm32f4xx_hal_msp.c **** /* USER CODE BEGIN PFP */
  49:Core/Src/stm32f4xx_hal_msp.c **** 
  50:Core/Src/stm32f4xx_hal_msp.c **** /* USER CODE END PFP */
  51:Core/Src/stm32f4xx_hal_msp.c **** 
  52:Core/Src/stm32f4xx_hal_msp.c **** /* External functions --------------------------------------------------------*/
  53:Core/Src/stm32f4xx_hal_msp.c **** /* USER CODE BEGIN ExternalFunctions */
  54:Core/Src/stm32f4xx_hal_msp.c **** 
  55:Core/Src/stm32f4xx_hal_msp.c **** /* USER CODE END ExternalFunctions */
  56:Core/Src/stm32f4xx_hal_msp.c **** 
  57:Core/Src/stm32f4xx_hal_msp.c **** /* USER CODE BEGIN 0 */
  58:Core/Src/stm32f4xx_hal_msp.c **** 
  59:Core/Src/stm32f4xx_hal_msp.c **** /* USER CODE END 0 */
  60:Core/Src/stm32f4xx_hal_msp.c **** 
  61:Core/Src/stm32f4xx_hal_msp.c **** void HAL_TIM_MspPostInit(TIM_HandleTypeDef *htim);
  62:Core/Src/stm32f4xx_hal_msp.c ****                     /**
  63:Core/Src/stm32f4xx_hal_msp.c ****   * Initializes the Global MSP.
  64:Core/Src/stm32f4xx_hal_msp.c ****   */
  65:Core/Src/stm32f4xx_hal_msp.c **** void HAL_MspInit(void)
  66:Core/Src/stm32f4xx_hal_msp.c **** {
  29              		.loc 1 66 1 view -0
  30              		.cfi_startproc
  31              		@ args = 0, pretend = 0, frame = 8
  32              		@ frame_needed = 0, uses_anonymous_args = 0
  33              		@ link register save eliminated.
  34 0000 82B0     		sub	sp, sp, #8
  35              	.LCFI0:
  36              		.cfi_def_cfa_offset 8
  67:Core/Src/stm32f4xx_hal_msp.c **** 
  68:Core/Src/stm32f4xx_hal_msp.c ****   /* USER CODE BEGIN MspInit 0 */
  69:Core/Src/stm32f4xx_hal_msp.c **** 
  70:Core/Src/stm32f4xx_hal_msp.c ****   /* USER CODE END MspInit 0 */
  71:Core/Src/stm32f4xx_hal_msp.c **** 
  72:Core/Src/stm32f4xx_hal_msp.c ****   __HAL_RCC_SYSCFG_CLK_ENABLE();
  37              		.loc 1 72 3 view .LVU1
  38              	.LBB2:
  39              		.loc 1 72 3 view .LVU2
  40 0002 0021     		movs	r1, #0
  41 0004 0091     		str	r1, [sp]
  42              		.loc 1 72 3 view .LVU3
  43 0006 0B4B     		ldr	r3, .L3
ARM GAS  C:\Users\andre\AppData\Local\Temp\ccHwkZhg.s 			page 3


  44 0008 5A6C     		ldr	r2, [r3, #68]
  45 000a 42F48042 		orr	r2, r2, #16384
  46 000e 5A64     		str	r2, [r3, #68]
  47              		.loc 1 72 3 view .LVU4
  48 0010 5A6C     		ldr	r2, [r3, #68]
  49 0012 02F48042 		and	r2, r2, #16384
  50 0016 0092     		str	r2, [sp]
  51              		.loc 1 72 3 view .LVU5
  52 0018 009A     		ldr	r2, [sp]
  53              	.LBE2:
  54              		.loc 1 72 3 view .LVU6
  73:Core/Src/stm32f4xx_hal_msp.c ****   __HAL_RCC_PWR_CLK_ENABLE();
  55              		.loc 1 73 3 view .LVU7
  56              	.LBB3:
  57              		.loc 1 73 3 view .LVU8
  58 001a 0191     		str	r1, [sp, #4]
  59              		.loc 1 73 3 view .LVU9
  60 001c 1A6C     		ldr	r2, [r3, #64]
  61 001e 42F08052 		orr	r2, r2, #268435456
  62 0022 1A64     		str	r2, [r3, #64]
  63              		.loc 1 73 3 view .LVU10
  64 0024 1B6C     		ldr	r3, [r3, #64]
  65 0026 03F08053 		and	r3, r3, #268435456
  66 002a 0193     		str	r3, [sp, #4]
  67              		.loc 1 73 3 view .LVU11
  68 002c 019B     		ldr	r3, [sp, #4]
  69              	.LBE3:
  70              		.loc 1 73 3 view .LVU12
  74:Core/Src/stm32f4xx_hal_msp.c **** 
  75:Core/Src/stm32f4xx_hal_msp.c ****   /* System interrupt init*/
  76:Core/Src/stm32f4xx_hal_msp.c **** 
  77:Core/Src/stm32f4xx_hal_msp.c ****   /* USER CODE BEGIN MspInit 1 */
  78:Core/Src/stm32f4xx_hal_msp.c **** 
  79:Core/Src/stm32f4xx_hal_msp.c ****   /* USER CODE END MspInit 1 */
  80:Core/Src/stm32f4xx_hal_msp.c **** }
  71              		.loc 1 80 1 is_stmt 0 view .LVU13
  72 002e 02B0     		add	sp, sp, #8
  73              	.LCFI1:
  74              		.cfi_def_cfa_offset 0
  75              		@ sp needed
  76 0030 7047     		bx	lr
  77              	.L4:
  78 0032 00BF     		.align	2
  79              	.L3:
  80 0034 00380240 		.word	1073887232
  81              		.cfi_endproc
  82              	.LFE134:
  84              		.section	.text.HAL_TIM_PWM_MspInit,"ax",%progbits
  85              		.align	1
  86              		.global	HAL_TIM_PWM_MspInit
  87              		.syntax unified
  88              		.thumb
  89              		.thumb_func
  91              	HAL_TIM_PWM_MspInit:
  92              	.LVL0:
  93              	.LFB135:
  81:Core/Src/stm32f4xx_hal_msp.c **** 
ARM GAS  C:\Users\andre\AppData\Local\Temp\ccHwkZhg.s 			page 4


  82:Core/Src/stm32f4xx_hal_msp.c **** /**
  83:Core/Src/stm32f4xx_hal_msp.c ****   * @brief TIM_PWM MSP Initialization
  84:Core/Src/stm32f4xx_hal_msp.c ****   * This function configures the hardware resources used in this example
  85:Core/Src/stm32f4xx_hal_msp.c ****   * @param htim_pwm: TIM_PWM handle pointer
  86:Core/Src/stm32f4xx_hal_msp.c ****   * @retval None
  87:Core/Src/stm32f4xx_hal_msp.c ****   */
  88:Core/Src/stm32f4xx_hal_msp.c **** void HAL_TIM_PWM_MspInit(TIM_HandleTypeDef* htim_pwm)
  89:Core/Src/stm32f4xx_hal_msp.c **** {
  94              		.loc 1 89 1 is_stmt 1 view -0
  95              		.cfi_startproc
  96              		@ args = 0, pretend = 0, frame = 8
  97              		@ frame_needed = 0, uses_anonymous_args = 0
  98              		@ link register save eliminated.
  90:Core/Src/stm32f4xx_hal_msp.c ****   if(htim_pwm->Instance==TIM1)
  99              		.loc 1 90 3 view .LVU15
 100              		.loc 1 90 14 is_stmt 0 view .LVU16
 101 0000 0268     		ldr	r2, [r0]
 102              		.loc 1 90 5 view .LVU17
 103 0002 094B     		ldr	r3, .L12
 104 0004 9A42     		cmp	r2, r3
 105 0006 00D0     		beq	.L11
 106 0008 7047     		bx	lr
 107              	.L11:
  89:Core/Src/stm32f4xx_hal_msp.c ****   if(htim_pwm->Instance==TIM1)
 108              		.loc 1 89 1 view .LVU18
 109 000a 82B0     		sub	sp, sp, #8
 110              	.LCFI2:
 111              		.cfi_def_cfa_offset 8
  91:Core/Src/stm32f4xx_hal_msp.c ****   {
  92:Core/Src/stm32f4xx_hal_msp.c ****     /* USER CODE BEGIN TIM1_MspInit 0 */
  93:Core/Src/stm32f4xx_hal_msp.c **** 
  94:Core/Src/stm32f4xx_hal_msp.c ****     /* USER CODE END TIM1_MspInit 0 */
  95:Core/Src/stm32f4xx_hal_msp.c ****     /* Peripheral clock enable */
  96:Core/Src/stm32f4xx_hal_msp.c ****     __HAL_RCC_TIM1_CLK_ENABLE();
 112              		.loc 1 96 5 is_stmt 1 view .LVU19
 113              	.LBB4:
 114              		.loc 1 96 5 view .LVU20
 115 000c 0023     		movs	r3, #0
 116 000e 0193     		str	r3, [sp, #4]
 117              		.loc 1 96 5 view .LVU21
 118 0010 064B     		ldr	r3, .L12+4
 119 0012 5A6C     		ldr	r2, [r3, #68]
 120 0014 42F00102 		orr	r2, r2, #1
 121 0018 5A64     		str	r2, [r3, #68]
 122              		.loc 1 96 5 view .LVU22
 123 001a 5B6C     		ldr	r3, [r3, #68]
 124 001c 03F00103 		and	r3, r3, #1
 125 0020 0193     		str	r3, [sp, #4]
 126              		.loc 1 96 5 view .LVU23
 127 0022 019B     		ldr	r3, [sp, #4]
 128              	.LBE4:
 129              		.loc 1 96 5 discriminator 1 view .LVU24
  97:Core/Src/stm32f4xx_hal_msp.c ****     /* USER CODE BEGIN TIM1_MspInit 1 */
  98:Core/Src/stm32f4xx_hal_msp.c **** 
  99:Core/Src/stm32f4xx_hal_msp.c ****     /* USER CODE END TIM1_MspInit 1 */
 100:Core/Src/stm32f4xx_hal_msp.c **** 
 101:Core/Src/stm32f4xx_hal_msp.c ****   }
ARM GAS  C:\Users\andre\AppData\Local\Temp\ccHwkZhg.s 			page 5


 102:Core/Src/stm32f4xx_hal_msp.c **** 
 103:Core/Src/stm32f4xx_hal_msp.c **** }
 130              		.loc 1 103 1 is_stmt 0 view .LVU25
 131 0024 02B0     		add	sp, sp, #8
 132              	.LCFI3:
 133              		.cfi_def_cfa_offset 0
 134              		@ sp needed
 135 0026 7047     		bx	lr
 136              	.L13:
 137              		.align	2
 138              	.L12:
 139 0028 00000140 		.word	1073807360
 140 002c 00380240 		.word	1073887232
 141              		.cfi_endproc
 142              	.LFE135:
 144              		.section	.text.HAL_TIM_MspPostInit,"ax",%progbits
 145              		.align	1
 146              		.global	HAL_TIM_MspPostInit
 147              		.syntax unified
 148              		.thumb
 149              		.thumb_func
 151              	HAL_TIM_MspPostInit:
 152              	.LVL1:
 153              	.LFB136:
 104:Core/Src/stm32f4xx_hal_msp.c **** 
 105:Core/Src/stm32f4xx_hal_msp.c **** void HAL_TIM_MspPostInit(TIM_HandleTypeDef* htim)
 106:Core/Src/stm32f4xx_hal_msp.c **** {
 154              		.loc 1 106 1 is_stmt 1 view -0
 155              		.cfi_startproc
 156              		@ args = 0, pretend = 0, frame = 24
 157              		@ frame_needed = 0, uses_anonymous_args = 0
 158              		.loc 1 106 1 is_stmt 0 view .LVU27
 159 0000 00B5     		push	{lr}
 160              	.LCFI4:
 161              		.cfi_def_cfa_offset 4
 162              		.cfi_offset 14, -4
 163 0002 87B0     		sub	sp, sp, #28
 164              	.LCFI5:
 165              		.cfi_def_cfa_offset 32
 107:Core/Src/stm32f4xx_hal_msp.c ****   GPIO_InitTypeDef GPIO_InitStruct = {0};
 166              		.loc 1 107 3 is_stmt 1 view .LVU28
 167              		.loc 1 107 20 is_stmt 0 view .LVU29
 168 0004 0023     		movs	r3, #0
 169 0006 0193     		str	r3, [sp, #4]
 170 0008 0293     		str	r3, [sp, #8]
 171 000a 0393     		str	r3, [sp, #12]
 172 000c 0493     		str	r3, [sp, #16]
 173 000e 0593     		str	r3, [sp, #20]
 108:Core/Src/stm32f4xx_hal_msp.c ****   if(htim->Instance==TIM1)
 174              		.loc 1 108 3 is_stmt 1 view .LVU30
 175              		.loc 1 108 10 is_stmt 0 view .LVU31
 176 0010 0268     		ldr	r2, [r0]
 177              		.loc 1 108 5 view .LVU32
 178 0012 0F4B     		ldr	r3, .L18
 179 0014 9A42     		cmp	r2, r3
 180 0016 02D0     		beq	.L17
 181              	.LVL2:
ARM GAS  C:\Users\andre\AppData\Local\Temp\ccHwkZhg.s 			page 6


 182              	.L14:
 109:Core/Src/stm32f4xx_hal_msp.c ****   {
 110:Core/Src/stm32f4xx_hal_msp.c ****     /* USER CODE BEGIN TIM1_MspPostInit 0 */
 111:Core/Src/stm32f4xx_hal_msp.c **** 
 112:Core/Src/stm32f4xx_hal_msp.c ****     /* USER CODE END TIM1_MspPostInit 0 */
 113:Core/Src/stm32f4xx_hal_msp.c **** 
 114:Core/Src/stm32f4xx_hal_msp.c ****     __HAL_RCC_GPIOA_CLK_ENABLE();
 115:Core/Src/stm32f4xx_hal_msp.c ****     /**TIM1 GPIO Configuration
 116:Core/Src/stm32f4xx_hal_msp.c ****     PA8     ------> TIM1_CH1
 117:Core/Src/stm32f4xx_hal_msp.c ****     */
 118:Core/Src/stm32f4xx_hal_msp.c ****     GPIO_InitStruct.Pin = GPIO_PIN_8;
 119:Core/Src/stm32f4xx_hal_msp.c ****     GPIO_InitStruct.Mode = GPIO_MODE_AF_PP;
 120:Core/Src/stm32f4xx_hal_msp.c ****     GPIO_InitStruct.Pull = GPIO_NOPULL;
 121:Core/Src/stm32f4xx_hal_msp.c ****     GPIO_InitStruct.Speed = GPIO_SPEED_FREQ_LOW;
 122:Core/Src/stm32f4xx_hal_msp.c ****     GPIO_InitStruct.Alternate = GPIO_AF1_TIM1;
 123:Core/Src/stm32f4xx_hal_msp.c ****     HAL_GPIO_Init(GPIOA, &GPIO_InitStruct);
 124:Core/Src/stm32f4xx_hal_msp.c **** 
 125:Core/Src/stm32f4xx_hal_msp.c ****     /* USER CODE BEGIN TIM1_MspPostInit 1 */
 126:Core/Src/stm32f4xx_hal_msp.c **** 
 127:Core/Src/stm32f4xx_hal_msp.c ****     /* USER CODE END TIM1_MspPostInit 1 */
 128:Core/Src/stm32f4xx_hal_msp.c ****   }
 129:Core/Src/stm32f4xx_hal_msp.c **** 
 130:Core/Src/stm32f4xx_hal_msp.c **** }
 183              		.loc 1 130 1 view .LVU33
 184 0018 07B0     		add	sp, sp, #28
 185              	.LCFI6:
 186              		.cfi_remember_state
 187              		.cfi_def_cfa_offset 4
 188              		@ sp needed
 189 001a 5DF804FB 		ldr	pc, [sp], #4
 190              	.LVL3:
 191              	.L17:
 192              	.LCFI7:
 193              		.cfi_restore_state
 114:Core/Src/stm32f4xx_hal_msp.c ****     /**TIM1 GPIO Configuration
 194              		.loc 1 114 5 is_stmt 1 view .LVU34
 195              	.LBB5:
 114:Core/Src/stm32f4xx_hal_msp.c ****     /**TIM1 GPIO Configuration
 196              		.loc 1 114 5 view .LVU35
 197 001e 0023     		movs	r3, #0
 198 0020 0093     		str	r3, [sp]
 114:Core/Src/stm32f4xx_hal_msp.c ****     /**TIM1 GPIO Configuration
 199              		.loc 1 114 5 view .LVU36
 200 0022 0C4B     		ldr	r3, .L18+4
 201 0024 1A6B     		ldr	r2, [r3, #48]
 202 0026 42F00102 		orr	r2, r2, #1
 203 002a 1A63     		str	r2, [r3, #48]
 114:Core/Src/stm32f4xx_hal_msp.c ****     /**TIM1 GPIO Configuration
 204              		.loc 1 114 5 view .LVU37
 205 002c 1B6B     		ldr	r3, [r3, #48]
 206 002e 03F00103 		and	r3, r3, #1
 207 0032 0093     		str	r3, [sp]
 114:Core/Src/stm32f4xx_hal_msp.c ****     /**TIM1 GPIO Configuration
 208              		.loc 1 114 5 view .LVU38
 209 0034 009B     		ldr	r3, [sp]
 210              	.LBE5:
 114:Core/Src/stm32f4xx_hal_msp.c ****     /**TIM1 GPIO Configuration
ARM GAS  C:\Users\andre\AppData\Local\Temp\ccHwkZhg.s 			page 7


 211              		.loc 1 114 5 view .LVU39
 118:Core/Src/stm32f4xx_hal_msp.c ****     GPIO_InitStruct.Mode = GPIO_MODE_AF_PP;
 212              		.loc 1 118 5 view .LVU40
 118:Core/Src/stm32f4xx_hal_msp.c ****     GPIO_InitStruct.Mode = GPIO_MODE_AF_PP;
 213              		.loc 1 118 25 is_stmt 0 view .LVU41
 214 0036 4FF48073 		mov	r3, #256
 215 003a 0193     		str	r3, [sp, #4]
 119:Core/Src/stm32f4xx_hal_msp.c ****     GPIO_InitStruct.Pull = GPIO_NOPULL;
 216              		.loc 1 119 5 is_stmt 1 view .LVU42
 119:Core/Src/stm32f4xx_hal_msp.c ****     GPIO_InitStruct.Pull = GPIO_NOPULL;
 217              		.loc 1 119 26 is_stmt 0 view .LVU43
 218 003c 0223     		movs	r3, #2
 219 003e 0293     		str	r3, [sp, #8]
 120:Core/Src/stm32f4xx_hal_msp.c ****     GPIO_InitStruct.Speed = GPIO_SPEED_FREQ_LOW;
 220              		.loc 1 120 5 is_stmt 1 view .LVU44
 121:Core/Src/stm32f4xx_hal_msp.c ****     GPIO_InitStruct.Alternate = GPIO_AF1_TIM1;
 221              		.loc 1 121 5 view .LVU45
 122:Core/Src/stm32f4xx_hal_msp.c ****     HAL_GPIO_Init(GPIOA, &GPIO_InitStruct);
 222              		.loc 1 122 5 view .LVU46
 122:Core/Src/stm32f4xx_hal_msp.c ****     HAL_GPIO_Init(GPIOA, &GPIO_InitStruct);
 223              		.loc 1 122 31 is_stmt 0 view .LVU47
 224 0040 0123     		movs	r3, #1
 225 0042 0593     		str	r3, [sp, #20]
 123:Core/Src/stm32f4xx_hal_msp.c **** 
 226              		.loc 1 123 5 is_stmt 1 view .LVU48
 227 0044 01A9     		add	r1, sp, #4
 228 0046 0448     		ldr	r0, .L18+8
 229              	.LVL4:
 123:Core/Src/stm32f4xx_hal_msp.c **** 
 230              		.loc 1 123 5 is_stmt 0 view .LVU49
 231 0048 FFF7FEFF 		bl	HAL_GPIO_Init
 232              	.LVL5:
 233              		.loc 1 130 1 view .LVU50
 234 004c E4E7     		b	.L14
 235              	.L19:
 236 004e 00BF     		.align	2
 237              	.L18:
 238 0050 00000140 		.word	1073807360
 239 0054 00380240 		.word	1073887232
 240 0058 00000240 		.word	1073872896
 241              		.cfi_endproc
 242              	.LFE136:
 244              		.section	.text.HAL_TIM_PWM_MspDeInit,"ax",%progbits
 245              		.align	1
 246              		.global	HAL_TIM_PWM_MspDeInit
 247              		.syntax unified
 248              		.thumb
 249              		.thumb_func
 251              	HAL_TIM_PWM_MspDeInit:
 252              	.LVL6:
 253              	.LFB137:
 131:Core/Src/stm32f4xx_hal_msp.c **** /**
 132:Core/Src/stm32f4xx_hal_msp.c ****   * @brief TIM_PWM MSP De-Initialization
 133:Core/Src/stm32f4xx_hal_msp.c ****   * This function freeze the hardware resources used in this example
 134:Core/Src/stm32f4xx_hal_msp.c ****   * @param htim_pwm: TIM_PWM handle pointer
 135:Core/Src/stm32f4xx_hal_msp.c ****   * @retval None
 136:Core/Src/stm32f4xx_hal_msp.c ****   */
ARM GAS  C:\Users\andre\AppData\Local\Temp\ccHwkZhg.s 			page 8


 137:Core/Src/stm32f4xx_hal_msp.c **** void HAL_TIM_PWM_MspDeInit(TIM_HandleTypeDef* htim_pwm)
 138:Core/Src/stm32f4xx_hal_msp.c **** {
 254              		.loc 1 138 1 is_stmt 1 view -0
 255              		.cfi_startproc
 256              		@ args = 0, pretend = 0, frame = 0
 257              		@ frame_needed = 0, uses_anonymous_args = 0
 258              		@ link register save eliminated.
 139:Core/Src/stm32f4xx_hal_msp.c ****   if(htim_pwm->Instance==TIM1)
 259              		.loc 1 139 3 view .LVU52
 260              		.loc 1 139 14 is_stmt 0 view .LVU53
 261 0000 0268     		ldr	r2, [r0]
 262              		.loc 1 139 5 view .LVU54
 263 0002 054B     		ldr	r3, .L23
 264 0004 9A42     		cmp	r2, r3
 265 0006 00D0     		beq	.L22
 266              	.L20:
 140:Core/Src/stm32f4xx_hal_msp.c ****   {
 141:Core/Src/stm32f4xx_hal_msp.c ****     /* USER CODE BEGIN TIM1_MspDeInit 0 */
 142:Core/Src/stm32f4xx_hal_msp.c **** 
 143:Core/Src/stm32f4xx_hal_msp.c ****     /* USER CODE END TIM1_MspDeInit 0 */
 144:Core/Src/stm32f4xx_hal_msp.c ****     /* Peripheral clock disable */
 145:Core/Src/stm32f4xx_hal_msp.c ****     __HAL_RCC_TIM1_CLK_DISABLE();
 146:Core/Src/stm32f4xx_hal_msp.c ****     /* USER CODE BEGIN TIM1_MspDeInit 1 */
 147:Core/Src/stm32f4xx_hal_msp.c **** 
 148:Core/Src/stm32f4xx_hal_msp.c ****     /* USER CODE END TIM1_MspDeInit 1 */
 149:Core/Src/stm32f4xx_hal_msp.c ****   }
 150:Core/Src/stm32f4xx_hal_msp.c **** 
 151:Core/Src/stm32f4xx_hal_msp.c **** }
 267              		.loc 1 151 1 view .LVU55
 268 0008 7047     		bx	lr
 269              	.L22:
 145:Core/Src/stm32f4xx_hal_msp.c ****     /* USER CODE BEGIN TIM1_MspDeInit 1 */
 270              		.loc 1 145 5 is_stmt 1 view .LVU56
 271 000a 044A     		ldr	r2, .L23+4
 272 000c 536C     		ldr	r3, [r2, #68]
 273 000e 23F00103 		bic	r3, r3, #1
 274 0012 5364     		str	r3, [r2, #68]
 275              		.loc 1 151 1 is_stmt 0 view .LVU57
 276 0014 F8E7     		b	.L20
 277              	.L24:
 278 0016 00BF     		.align	2
 279              	.L23:
 280 0018 00000140 		.word	1073807360
 281 001c 00380240 		.word	1073887232
 282              		.cfi_endproc
 283              	.LFE137:
 285              		.section	.text.HAL_UART_MspInit,"ax",%progbits
 286              		.align	1
 287              		.global	HAL_UART_MspInit
 288              		.syntax unified
 289              		.thumb
 290              		.thumb_func
 292              	HAL_UART_MspInit:
 293              	.LVL7:
 294              	.LFB138:
 152:Core/Src/stm32f4xx_hal_msp.c **** 
 153:Core/Src/stm32f4xx_hal_msp.c **** /**
ARM GAS  C:\Users\andre\AppData\Local\Temp\ccHwkZhg.s 			page 9


 154:Core/Src/stm32f4xx_hal_msp.c ****   * @brief UART MSP Initialization
 155:Core/Src/stm32f4xx_hal_msp.c ****   * This function configures the hardware resources used in this example
 156:Core/Src/stm32f4xx_hal_msp.c ****   * @param huart: UART handle pointer
 157:Core/Src/stm32f4xx_hal_msp.c ****   * @retval None
 158:Core/Src/stm32f4xx_hal_msp.c ****   */
 159:Core/Src/stm32f4xx_hal_msp.c **** void HAL_UART_MspInit(UART_HandleTypeDef* huart)
 160:Core/Src/stm32f4xx_hal_msp.c **** {
 295              		.loc 1 160 1 is_stmt 1 view -0
 296              		.cfi_startproc
 297              		@ args = 0, pretend = 0, frame = 32
 298              		@ frame_needed = 0, uses_anonymous_args = 0
 299              		.loc 1 160 1 is_stmt 0 view .LVU59
 300 0000 10B5     		push	{r4, lr}
 301              	.LCFI8:
 302              		.cfi_def_cfa_offset 8
 303              		.cfi_offset 4, -8
 304              		.cfi_offset 14, -4
 305 0002 88B0     		sub	sp, sp, #32
 306              	.LCFI9:
 307              		.cfi_def_cfa_offset 40
 161:Core/Src/stm32f4xx_hal_msp.c ****   GPIO_InitTypeDef GPIO_InitStruct = {0};
 308              		.loc 1 161 3 is_stmt 1 view .LVU60
 309              		.loc 1 161 20 is_stmt 0 view .LVU61
 310 0004 0023     		movs	r3, #0
 311 0006 0393     		str	r3, [sp, #12]
 312 0008 0493     		str	r3, [sp, #16]
 313 000a 0593     		str	r3, [sp, #20]
 314 000c 0693     		str	r3, [sp, #24]
 315 000e 0793     		str	r3, [sp, #28]
 162:Core/Src/stm32f4xx_hal_msp.c ****   if(huart->Instance==USART1)
 316              		.loc 1 162 3 is_stmt 1 view .LVU62
 317              		.loc 1 162 11 is_stmt 0 view .LVU63
 318 0010 0268     		ldr	r2, [r0]
 319              		.loc 1 162 5 view .LVU64
 320 0012 03F18043 		add	r3, r3, #1073741824
 321 0016 03F58833 		add	r3, r3, #69632
 322 001a 9A42     		cmp	r2, r3
 323 001c 01D0     		beq	.L28
 324              	.LVL8:
 325              	.L25:
 163:Core/Src/stm32f4xx_hal_msp.c ****   {
 164:Core/Src/stm32f4xx_hal_msp.c ****     /* USER CODE BEGIN USART1_MspInit 0 */
 165:Core/Src/stm32f4xx_hal_msp.c **** 
 166:Core/Src/stm32f4xx_hal_msp.c ****     /* USER CODE END USART1_MspInit 0 */
 167:Core/Src/stm32f4xx_hal_msp.c ****     /* Peripheral clock enable */
 168:Core/Src/stm32f4xx_hal_msp.c ****     __HAL_RCC_USART1_CLK_ENABLE();
 169:Core/Src/stm32f4xx_hal_msp.c **** 
 170:Core/Src/stm32f4xx_hal_msp.c ****     __HAL_RCC_GPIOA_CLK_ENABLE();
 171:Core/Src/stm32f4xx_hal_msp.c ****     /**USART1 GPIO Configuration
 172:Core/Src/stm32f4xx_hal_msp.c ****     PA9     ------> USART1_TX
 173:Core/Src/stm32f4xx_hal_msp.c ****     PA10     ------> USART1_RX
 174:Core/Src/stm32f4xx_hal_msp.c ****     */
 175:Core/Src/stm32f4xx_hal_msp.c ****     GPIO_InitStruct.Pin = GPIO_PIN_9|GPIO_PIN_10;
 176:Core/Src/stm32f4xx_hal_msp.c ****     GPIO_InitStruct.Mode = GPIO_MODE_AF_PP;
 177:Core/Src/stm32f4xx_hal_msp.c ****     GPIO_InitStruct.Pull = GPIO_NOPULL;
 178:Core/Src/stm32f4xx_hal_msp.c ****     GPIO_InitStruct.Speed = GPIO_SPEED_FREQ_VERY_HIGH;
 179:Core/Src/stm32f4xx_hal_msp.c ****     GPIO_InitStruct.Alternate = GPIO_AF7_USART1;
ARM GAS  C:\Users\andre\AppData\Local\Temp\ccHwkZhg.s 			page 10


 180:Core/Src/stm32f4xx_hal_msp.c ****     HAL_GPIO_Init(GPIOA, &GPIO_InitStruct);
 181:Core/Src/stm32f4xx_hal_msp.c **** 
 182:Core/Src/stm32f4xx_hal_msp.c ****     /* USART1 interrupt Init */
 183:Core/Src/stm32f4xx_hal_msp.c ****     HAL_NVIC_SetPriority(USART1_IRQn, 0, 0);
 184:Core/Src/stm32f4xx_hal_msp.c ****     HAL_NVIC_EnableIRQ(USART1_IRQn);
 185:Core/Src/stm32f4xx_hal_msp.c ****     /* USER CODE BEGIN USART1_MspInit 1 */
 186:Core/Src/stm32f4xx_hal_msp.c **** 
 187:Core/Src/stm32f4xx_hal_msp.c ****     /* USER CODE END USART1_MspInit 1 */
 188:Core/Src/stm32f4xx_hal_msp.c **** 
 189:Core/Src/stm32f4xx_hal_msp.c ****   }
 190:Core/Src/stm32f4xx_hal_msp.c **** 
 191:Core/Src/stm32f4xx_hal_msp.c **** }
 326              		.loc 1 191 1 view .LVU65
 327 001e 08B0     		add	sp, sp, #32
 328              	.LCFI10:
 329              		.cfi_remember_state
 330              		.cfi_def_cfa_offset 8
 331              		@ sp needed
 332 0020 10BD     		pop	{r4, pc}
 333              	.LVL9:
 334              	.L28:
 335              	.LCFI11:
 336              		.cfi_restore_state
 168:Core/Src/stm32f4xx_hal_msp.c **** 
 337              		.loc 1 168 5 is_stmt 1 view .LVU66
 338              	.LBB6:
 168:Core/Src/stm32f4xx_hal_msp.c **** 
 339              		.loc 1 168 5 view .LVU67
 340 0022 0024     		movs	r4, #0
 341 0024 0194     		str	r4, [sp, #4]
 168:Core/Src/stm32f4xx_hal_msp.c **** 
 342              		.loc 1 168 5 view .LVU68
 343 0026 03F59433 		add	r3, r3, #75776
 344 002a 5A6C     		ldr	r2, [r3, #68]
 345 002c 42F01002 		orr	r2, r2, #16
 346 0030 5A64     		str	r2, [r3, #68]
 168:Core/Src/stm32f4xx_hal_msp.c **** 
 347              		.loc 1 168 5 view .LVU69
 348 0032 5A6C     		ldr	r2, [r3, #68]
 349 0034 02F01002 		and	r2, r2, #16
 350 0038 0192     		str	r2, [sp, #4]
 168:Core/Src/stm32f4xx_hal_msp.c **** 
 351              		.loc 1 168 5 view .LVU70
 352 003a 019A     		ldr	r2, [sp, #4]
 353              	.LBE6:
 168:Core/Src/stm32f4xx_hal_msp.c **** 
 354              		.loc 1 168 5 view .LVU71
 170:Core/Src/stm32f4xx_hal_msp.c ****     /**USART1 GPIO Configuration
 355              		.loc 1 170 5 view .LVU72
 356              	.LBB7:
 170:Core/Src/stm32f4xx_hal_msp.c ****     /**USART1 GPIO Configuration
 357              		.loc 1 170 5 view .LVU73
 358 003c 0294     		str	r4, [sp, #8]
 170:Core/Src/stm32f4xx_hal_msp.c ****     /**USART1 GPIO Configuration
 359              		.loc 1 170 5 view .LVU74
 360 003e 1A6B     		ldr	r2, [r3, #48]
 361 0040 42F00102 		orr	r2, r2, #1
ARM GAS  C:\Users\andre\AppData\Local\Temp\ccHwkZhg.s 			page 11


 362 0044 1A63     		str	r2, [r3, #48]
 170:Core/Src/stm32f4xx_hal_msp.c ****     /**USART1 GPIO Configuration
 363              		.loc 1 170 5 view .LVU75
 364 0046 1B6B     		ldr	r3, [r3, #48]
 365 0048 03F00103 		and	r3, r3, #1
 366 004c 0293     		str	r3, [sp, #8]
 170:Core/Src/stm32f4xx_hal_msp.c ****     /**USART1 GPIO Configuration
 367              		.loc 1 170 5 view .LVU76
 368 004e 029B     		ldr	r3, [sp, #8]
 369              	.LBE7:
 170:Core/Src/stm32f4xx_hal_msp.c ****     /**USART1 GPIO Configuration
 370              		.loc 1 170 5 view .LVU77
 175:Core/Src/stm32f4xx_hal_msp.c ****     GPIO_InitStruct.Mode = GPIO_MODE_AF_PP;
 371              		.loc 1 175 5 view .LVU78
 175:Core/Src/stm32f4xx_hal_msp.c ****     GPIO_InitStruct.Mode = GPIO_MODE_AF_PP;
 372              		.loc 1 175 25 is_stmt 0 view .LVU79
 373 0050 4FF4C063 		mov	r3, #1536
 374 0054 0393     		str	r3, [sp, #12]
 176:Core/Src/stm32f4xx_hal_msp.c ****     GPIO_InitStruct.Pull = GPIO_NOPULL;
 375              		.loc 1 176 5 is_stmt 1 view .LVU80
 176:Core/Src/stm32f4xx_hal_msp.c ****     GPIO_InitStruct.Pull = GPIO_NOPULL;
 376              		.loc 1 176 26 is_stmt 0 view .LVU81
 377 0056 0223     		movs	r3, #2
 378 0058 0493     		str	r3, [sp, #16]
 177:Core/Src/stm32f4xx_hal_msp.c ****     GPIO_InitStruct.Speed = GPIO_SPEED_FREQ_VERY_HIGH;
 379              		.loc 1 177 5 is_stmt 1 view .LVU82
 178:Core/Src/stm32f4xx_hal_msp.c ****     GPIO_InitStruct.Alternate = GPIO_AF7_USART1;
 380              		.loc 1 178 5 view .LVU83
 178:Core/Src/stm32f4xx_hal_msp.c ****     GPIO_InitStruct.Alternate = GPIO_AF7_USART1;
 381              		.loc 1 178 27 is_stmt 0 view .LVU84
 382 005a 0323     		movs	r3, #3
 383 005c 0693     		str	r3, [sp, #24]
 179:Core/Src/stm32f4xx_hal_msp.c ****     HAL_GPIO_Init(GPIOA, &GPIO_InitStruct);
 384              		.loc 1 179 5 is_stmt 1 view .LVU85
 179:Core/Src/stm32f4xx_hal_msp.c ****     HAL_GPIO_Init(GPIOA, &GPIO_InitStruct);
 385              		.loc 1 179 31 is_stmt 0 view .LVU86
 386 005e 0723     		movs	r3, #7
 387 0060 0793     		str	r3, [sp, #28]
 180:Core/Src/stm32f4xx_hal_msp.c **** 
 388              		.loc 1 180 5 is_stmt 1 view .LVU87
 389 0062 03A9     		add	r1, sp, #12
 390 0064 0548     		ldr	r0, .L29
 391              	.LVL10:
 180:Core/Src/stm32f4xx_hal_msp.c **** 
 392              		.loc 1 180 5 is_stmt 0 view .LVU88
 393 0066 FFF7FEFF 		bl	HAL_GPIO_Init
 394              	.LVL11:
 183:Core/Src/stm32f4xx_hal_msp.c ****     HAL_NVIC_EnableIRQ(USART1_IRQn);
 395              		.loc 1 183 5 is_stmt 1 view .LVU89
 396 006a 2246     		mov	r2, r4
 397 006c 2146     		mov	r1, r4
 398 006e 2520     		movs	r0, #37
 399 0070 FFF7FEFF 		bl	HAL_NVIC_SetPriority
 400              	.LVL12:
 184:Core/Src/stm32f4xx_hal_msp.c ****     /* USER CODE BEGIN USART1_MspInit 1 */
 401              		.loc 1 184 5 view .LVU90
 402 0074 2520     		movs	r0, #37
ARM GAS  C:\Users\andre\AppData\Local\Temp\ccHwkZhg.s 			page 12


 403 0076 FFF7FEFF 		bl	HAL_NVIC_EnableIRQ
 404              	.LVL13:
 405              		.loc 1 191 1 is_stmt 0 view .LVU91
 406 007a D0E7     		b	.L25
 407              	.L30:
 408              		.align	2
 409              	.L29:
 410 007c 00000240 		.word	1073872896
 411              		.cfi_endproc
 412              	.LFE138:
 414              		.section	.text.HAL_UART_MspDeInit,"ax",%progbits
 415              		.align	1
 416              		.global	HAL_UART_MspDeInit
 417              		.syntax unified
 418              		.thumb
 419              		.thumb_func
 421              	HAL_UART_MspDeInit:
 422              	.LVL14:
 423              	.LFB139:
 192:Core/Src/stm32f4xx_hal_msp.c **** 
 193:Core/Src/stm32f4xx_hal_msp.c **** /**
 194:Core/Src/stm32f4xx_hal_msp.c ****   * @brief UART MSP De-Initialization
 195:Core/Src/stm32f4xx_hal_msp.c ****   * This function freeze the hardware resources used in this example
 196:Core/Src/stm32f4xx_hal_msp.c ****   * @param huart: UART handle pointer
 197:Core/Src/stm32f4xx_hal_msp.c ****   * @retval None
 198:Core/Src/stm32f4xx_hal_msp.c ****   */
 199:Core/Src/stm32f4xx_hal_msp.c **** void HAL_UART_MspDeInit(UART_HandleTypeDef* huart)
 200:Core/Src/stm32f4xx_hal_msp.c **** {
 424              		.loc 1 200 1 is_stmt 1 view -0
 425              		.cfi_startproc
 426              		@ args = 0, pretend = 0, frame = 0
 427              		@ frame_needed = 0, uses_anonymous_args = 0
 428              		.loc 1 200 1 is_stmt 0 view .LVU93
 429 0000 08B5     		push	{r3, lr}
 430              	.LCFI12:
 431              		.cfi_def_cfa_offset 8
 432              		.cfi_offset 3, -8
 433              		.cfi_offset 14, -4
 201:Core/Src/stm32f4xx_hal_msp.c ****   if(huart->Instance==USART1)
 434              		.loc 1 201 3 is_stmt 1 view .LVU94
 435              		.loc 1 201 11 is_stmt 0 view .LVU95
 436 0002 0268     		ldr	r2, [r0]
 437              		.loc 1 201 5 view .LVU96
 438 0004 084B     		ldr	r3, .L35
 439 0006 9A42     		cmp	r2, r3
 440 0008 00D0     		beq	.L34
 441              	.LVL15:
 442              	.L31:
 202:Core/Src/stm32f4xx_hal_msp.c ****   {
 203:Core/Src/stm32f4xx_hal_msp.c ****     /* USER CODE BEGIN USART1_MspDeInit 0 */
 204:Core/Src/stm32f4xx_hal_msp.c **** 
 205:Core/Src/stm32f4xx_hal_msp.c ****     /* USER CODE END USART1_MspDeInit 0 */
 206:Core/Src/stm32f4xx_hal_msp.c ****     /* Peripheral clock disable */
 207:Core/Src/stm32f4xx_hal_msp.c ****     __HAL_RCC_USART1_CLK_DISABLE();
 208:Core/Src/stm32f4xx_hal_msp.c **** 
 209:Core/Src/stm32f4xx_hal_msp.c ****     /**USART1 GPIO Configuration
 210:Core/Src/stm32f4xx_hal_msp.c ****     PA9     ------> USART1_TX
ARM GAS  C:\Users\andre\AppData\Local\Temp\ccHwkZhg.s 			page 13


 211:Core/Src/stm32f4xx_hal_msp.c ****     PA10     ------> USART1_RX
 212:Core/Src/stm32f4xx_hal_msp.c ****     */
 213:Core/Src/stm32f4xx_hal_msp.c ****     HAL_GPIO_DeInit(GPIOA, GPIO_PIN_9|GPIO_PIN_10);
 214:Core/Src/stm32f4xx_hal_msp.c **** 
 215:Core/Src/stm32f4xx_hal_msp.c ****     /* USART1 interrupt DeInit */
 216:Core/Src/stm32f4xx_hal_msp.c ****     HAL_NVIC_DisableIRQ(USART1_IRQn);
 217:Core/Src/stm32f4xx_hal_msp.c ****     /* USER CODE BEGIN USART1_MspDeInit 1 */
 218:Core/Src/stm32f4xx_hal_msp.c **** 
 219:Core/Src/stm32f4xx_hal_msp.c ****     /* USER CODE END USART1_MspDeInit 1 */
 220:Core/Src/stm32f4xx_hal_msp.c ****   }
 221:Core/Src/stm32f4xx_hal_msp.c **** 
 222:Core/Src/stm32f4xx_hal_msp.c **** }
 443              		.loc 1 222 1 view .LVU97
 444 000a 08BD     		pop	{r3, pc}
 445              	.LVL16:
 446              	.L34:
 207:Core/Src/stm32f4xx_hal_msp.c **** 
 447              		.loc 1 207 5 is_stmt 1 view .LVU98
 448 000c 074A     		ldr	r2, .L35+4
 449 000e 536C     		ldr	r3, [r2, #68]
 450 0010 23F01003 		bic	r3, r3, #16
 451 0014 5364     		str	r3, [r2, #68]
 213:Core/Src/stm32f4xx_hal_msp.c **** 
 452              		.loc 1 213 5 view .LVU99
 453 0016 4FF4C061 		mov	r1, #1536
 454 001a 0548     		ldr	r0, .L35+8
 455              	.LVL17:
 213:Core/Src/stm32f4xx_hal_msp.c **** 
 456              		.loc 1 213 5 is_stmt 0 view .LVU100
 457 001c FFF7FEFF 		bl	HAL_GPIO_DeInit
 458              	.LVL18:
 216:Core/Src/stm32f4xx_hal_msp.c ****     /* USER CODE BEGIN USART1_MspDeInit 1 */
 459              		.loc 1 216 5 is_stmt 1 view .LVU101
 460 0020 2520     		movs	r0, #37
 461 0022 FFF7FEFF 		bl	HAL_NVIC_DisableIRQ
 462              	.LVL19:
 463              		.loc 1 222 1 is_stmt 0 view .LVU102
 464 0026 F0E7     		b	.L31
 465              	.L36:
 466              		.align	2
 467              	.L35:
 468 0028 00100140 		.word	1073811456
 469 002c 00380240 		.word	1073887232
 470 0030 00000240 		.word	1073872896
 471              		.cfi_endproc
 472              	.LFE139:
 474              		.text
 475              	.Letext0:
 476              		.file 2 "Drivers/CMSIS/Device/ST/STM32F4xx/Include/stm32f411xe.h"
 477              		.file 3 "C:/msys64/mingw64/arm-none-eabi/include/machine/_default_types.h"
 478              		.file 4 "C:/msys64/mingw64/arm-none-eabi/include/sys/_stdint.h"
 479              		.file 5 "Drivers/STM32F4xx_HAL_Driver/Inc/stm32f4xx_hal_def.h"
 480              		.file 6 "Drivers/STM32F4xx_HAL_Driver/Inc/stm32f4xx_hal_gpio.h"
 481              		.file 7 "Drivers/STM32F4xx_HAL_Driver/Inc/stm32f4xx_hal_dma.h"
 482              		.file 8 "Drivers/STM32F4xx_HAL_Driver/Inc/stm32f4xx_hal_tim.h"
 483              		.file 9 "Drivers/STM32F4xx_HAL_Driver/Inc/stm32f4xx_hal_uart.h"
 484              		.file 10 "Drivers/STM32F4xx_HAL_Driver/Inc/stm32f4xx_hal_cortex.h"
ARM GAS  C:\Users\andre\AppData\Local\Temp\ccHwkZhg.s 			page 14


ARM GAS  C:\Users\andre\AppData\Local\Temp\ccHwkZhg.s 			page 15


DEFINED SYMBOLS
                            *ABS*:00000000 stm32f4xx_hal_msp.c
C:\Users\andre\AppData\Local\Temp\ccHwkZhg.s:21     .text.HAL_MspInit:00000000 $t
C:\Users\andre\AppData\Local\Temp\ccHwkZhg.s:27     .text.HAL_MspInit:00000000 HAL_MspInit
C:\Users\andre\AppData\Local\Temp\ccHwkZhg.s:80     .text.HAL_MspInit:00000034 $d
C:\Users\andre\AppData\Local\Temp\ccHwkZhg.s:85     .text.HAL_TIM_PWM_MspInit:00000000 $t
C:\Users\andre\AppData\Local\Temp\ccHwkZhg.s:91     .text.HAL_TIM_PWM_MspInit:00000000 HAL_TIM_PWM_MspInit
C:\Users\andre\AppData\Local\Temp\ccHwkZhg.s:139    .text.HAL_TIM_PWM_MspInit:00000028 $d
C:\Users\andre\AppData\Local\Temp\ccHwkZhg.s:145    .text.HAL_TIM_MspPostInit:00000000 $t
C:\Users\andre\AppData\Local\Temp\ccHwkZhg.s:151    .text.HAL_TIM_MspPostInit:00000000 HAL_TIM_MspPostInit
C:\Users\andre\AppData\Local\Temp\ccHwkZhg.s:238    .text.HAL_TIM_MspPostInit:00000050 $d
C:\Users\andre\AppData\Local\Temp\ccHwkZhg.s:245    .text.HAL_TIM_PWM_MspDeInit:00000000 $t
C:\Users\andre\AppData\Local\Temp\ccHwkZhg.s:251    .text.HAL_TIM_PWM_MspDeInit:00000000 HAL_TIM_PWM_MspDeInit
C:\Users\andre\AppData\Local\Temp\ccHwkZhg.s:280    .text.HAL_TIM_PWM_MspDeInit:00000018 $d
C:\Users\andre\AppData\Local\Temp\ccHwkZhg.s:286    .text.HAL_UART_MspInit:00000000 $t
C:\Users\andre\AppData\Local\Temp\ccHwkZhg.s:292    .text.HAL_UART_MspInit:00000000 HAL_UART_MspInit
C:\Users\andre\AppData\Local\Temp\ccHwkZhg.s:410    .text.HAL_UART_MspInit:0000007c $d
C:\Users\andre\AppData\Local\Temp\ccHwkZhg.s:415    .text.HAL_UART_MspDeInit:00000000 $t
C:\Users\andre\AppData\Local\Temp\ccHwkZhg.s:421    .text.HAL_UART_MspDeInit:00000000 HAL_UART_MspDeInit
C:\Users\andre\AppData\Local\Temp\ccHwkZhg.s:468    .text.HAL_UART_MspDeInit:00000028 $d

UNDEFINED SYMBOLS
HAL_GPIO_Init
HAL_NVIC_SetPriority
HAL_NVIC_EnableIRQ
HAL_GPIO_DeInit
HAL_NVIC_DisableIRQ
